

                       - Dschump!, Version 1.40 - Packing List -


                                    D S C H U M P !
                                   -----------------

                                     Version 1.40
                                    --------------

                               P A C K I N G    L I S T
                              --------------------------


          The complete Dschump! evaluation package should contain the
          following files.  Please ensure that each file is present.  If
          any of these files are missing then the package is not complete
          and is not suitable for distribution to others.  The complete
          package may be obtained directly from HomeBrew Software in a
          sealed envelope.

              File Name:                Purpose of File:
             ------------   ---------------------------------------------------

             START.BAT      Starts the game.
             PACKING.LST    This text file.
             DSCHUMP.DOC    Game description and help.
             DESCRIBE.DOC   Sample descriptions for catalogs, BBSs, etc.
             ORDER.FRM      Product order information.
             SYSOP.DOC      Information for Bulletin Board System
                            distribution.
             VENDOR.DOC     Information and restrictions for disk vendors,
                            distributors, user groups, and more.
             WARRANTY.DOC   Important Warranty Information
             FILE_ID.DIZ    Short description for BBS software.
             JUMP.CFG       Configuration file.
             LEVELDAT.DAT   Data file.
             TEXT.DAT       Data file.
             DSCHUMP.DOK    German ! data file.
             GAME.EXE       Program file.
             HOMEBREW.EXE   program file.
             SETUP.EXE      Setup program.
             END.GFX        Data file.
             JUMP.GFX       Data file.
             ORDER.GFX      Data file.
             TILES.GFX      Data file.
             TITLEUN.GFX    Data file.
             DSCHUMP.MUS    Data file.
             HBTITLE2.PCX   Data file.
             DSCHUMP.SND    Data file.
             BESTELL.TXT    Data file.
             HBTITL.VOC     Data file.





Packing List Information                                        Page 1 of 1

