FILE_ID.DIZ
VENDINFO.DIZ
RTM.EXE
DPMI16BI.OVL
HUBIE.___
CONFIG.___
help.___
README.ASP
new_font.SET
new_font.PRP
ABOUT.ctr
STATES.DAT
HUBIE.TUN
GUITAR2.TUN
ARROWS.VSH
PROPERTY.DAT
REGISTER.PLS
INSTRUCT.CTR
JUST3.VSH
HUBIE2.PAL
HUBnew.VSH
NEWTITLE.VGA
ORDER.ctr
SETUP.BAT
default.prf
000.DMO
001.DMO
002.DMO
003.DMO
ATTRACT.DAT
DEMOS.DAT
leave.ctr
hints.ctr
sharware.ctr
register.ctr
compusrv.ctr
psl.ctr
check.ctr
music.qa
control.qa
sound.qa
install.qa
misc.qa
bonus.ser
easy.ser
medium.ser
hard.ser
boing.sfx
newpipe.sfx
clink.sfx
bang.sfx
thundr2.sfx
copter.sfx
inhale.sfx
ow.sfx
scraping.sfx
push.sfx
magnet.sfx
fan.sfx
squeak.sfx
fire.sfx
vineclmb.sfx
boingtrd.sfx
rainmove.sfx
glass.sfx
tnt_exp.sfx
hubsqsh.sfx
crushing.sfx
lt_land.sfx
gatestrt.sfx
corkpop.sfx
plunger.sfx
ending1.sfx
obj_trn2.sfx
order.frm
INSTALL.EXE
